<?xml version="1.0" encoding="UTF-8"?>
<!-- Generated by org.testng.reporters.JUnitReportReporter -->
<testsuite hostname="Fethiye" failures="0" tests="1" name="cw.tests.AutomationPracticeForUITesting.TestCase2_LogInUserWithCorrectEmailAndPassword" time="26.504" errors="0" timestamp="2023-07-22T17:32:58 MESZ" skipped="0">
  <testcase classname="cw.tests.AutomationPracticeForUITesting.TestCase2_LogInUserWithCorrectEmailAndPassword" name="test2" time="26.504"/>
  <system-out/>
</testsuite> <!-- cw.tests.AutomationPracticeForUITesting.TestCase2_LogInUserWithCorrectEmailAndPassword -->
